<?xml version="1.0" encoding="UTF-8"?>
<!-- Generated by org.testng.reporters.JUnitReportReporter -->
<testsuite hostname="DDC2-LX-52412K9" name="com.testng.demo.Register" tests="2" failures="0" timestamp="21 Mar 2018 06:04:35 GMT" time="3.675" errors="0">
  <testcase name="f" time="1.555" classname="com.testng.demo.Register"/>
  <testcase name="f" time="2.120" classname="com.testng.demo.Register"/>
</testsuite> <!-- com.testng.demo.Register -->
